
> 908@0.1.0 dev
> next dev -p 3001

▲ Next.js 16.1.6 (Turbopack)
- Local:         http://localhost:3001
- Network:       http://192.168.2.108:3001

✓ Starting...
✓ Ready in 849ms
 GET / 200 in 1462ms (compile: 1195ms, render: 266ms)
 GET / 200 in 53ms (compile: 6ms, render: 47ms)
⚠ Cross origin request detected from 192.168.2.108 to /_next/* resource. In a future major version of Next.js, you will need to explicitly configure "allowedDevOrigins" in next.config to allow this.
Read more: https://nextjs.org/docs/app/api-reference/config/next-config-js/allowedDevOrigins
 GET /ramp 200 in 502ms (compile: 483ms, render: 18ms)
 GET /dashboard 200 in 590ms (compile: 576ms, render: 14ms)
 GET /strategies 200 in 92ms (compile: 76ms, render: 16ms)
 GET /strategies/2 200 in 661ms (compile: 642ms, render: 19ms)
 GET / 200 in 47ms (compile: 6ms, render: 42ms)
✓ Compiled in 109ms
 GET /strategies/2 200 in 43ms (compile: 12ms, render: 31ms)
 GET / 200 in 68ms (compile: 9ms, render: 60ms)
 GET /strategies 200 in 22ms (compile: 8ms, render: 14ms)
 GET /ramp 200 in 233ms (compile: 75ms, render: 157ms)
 GET / 200 in 49ms (compile: 11ms, render: 38ms)
 GET /ramp 200 in 19ms (compile: 6ms, render: 13ms)
 GET /dashboard 200 in 25ms (compile: 8ms, render: 17ms)
 GET /strategies 200 in 21ms (compile: 8ms, render: 13ms)
 GET /dashboard 200 in 16ms (compile: 4ms, render: 12ms)
 GET /ramp 200 in 21ms (compile: 8ms, render: 13ms)
 GET /strategies 200 in 15ms (compile: 4ms, render: 11ms)
 GET /strategies/2 200 in 20ms (compile: 7ms, render: 12ms)
 GET / 200 in 63ms (compile: 15ms, render: 47ms)
 GET /ramp 200 in 23ms (compile: 10ms, render: 13ms)
 GET /dashboard 200 in 28ms (compile: 11ms, render: 18ms)
 GET /ramp 200 in 18ms (compile: 6ms, render: 13ms)
 GET / 200 in 15ms (compile: 5ms, render: 10ms)
 GET / 200 in 24ms (compile: 8ms, render: 16ms)
 GET /strategies 200 in 26ms (compile: 10ms, render: 16ms)
 GET /dashboard 200 in 18ms (compile: 7ms, render: 11ms)
 GET /strategies 200 in 19ms (compile: 8ms, render: 11ms)
 GET /ramp 200 in 21ms (compile: 5ms, render: 16ms)
 GET / 200 in 25ms (compile: 10ms, render: 15ms)
 GET / 200 in 45ms (compile: 7ms, render: 38ms)
✓ Compiled in 0ms
 GET / 200 in 324ms (compile: 81ms, render: 244ms)
 GET /strategies/2 200 in 195ms (compile: 26ms, render: 169ms)
 GET /ramp 200 in 153ms (compile: 14ms, render: 139ms)
 GET /strategies 200 in 153ms (compile: 55ms, render: 99ms)
 GET / 200 in 119ms (compile: 40ms, render: 79ms)
 GET /ramp 200 in 87ms (compile: 7ms, render: 81ms)
 GET /strategies/2 200 in 69ms (compile: 4ms, render: 66ms)
 GET / 200 in 110ms (compile: 4ms, render: 106ms)
 GET /strategies/2 200 in 177ms (compile: 3ms, render: 173ms)
 GET /strategies 200 in 188ms (compile: 20ms, render: 168ms)
 GET / 200 in 192ms (compile: 5ms, render: 187ms)
 GET /ramp 200 in 194ms (compile: 38ms, render: 156ms)
 GET / 200 in 169ms (compile: 4ms, render: 165ms)
 GET /strategies 200 in 174ms (compile: 19ms, render: 155ms)
 GET /strategies/2 200 in 175ms (compile: 3ms, render: 172ms)
 GET /ramp 200 in 175ms (compile: 26ms, render: 149ms)
 GET / 200 in 194ms (compile: 4ms, render: 190ms)
 GET /strategies 200 in 179ms (compile: 4ms, render: 175ms)
 GET /ramp 200 in 181ms (compile: 3ms, render: 178ms)
 GET /strategies/2 200 in 171ms (compile: 4ms, render: 167ms)
 GET / 200 in 171ms (compile: 19ms, render: 152ms)
 GET /strategies 200 in 179ms (compile: 9ms, render: 169ms)
 GET /ramp 200 in 177ms (compile: 25ms, render: 151ms)
 GET / 200 in 178ms (compile: 4ms, render: 174ms)
 GET /strategies/2 200 in 177ms (compile: 19ms, render: 158ms)
 GET /strategies 200 in 180ms (compile: 43ms, render: 136ms)
 GET /ramp 200 in 141ms (compile: 4ms, render: 137ms)
 GET / 200 in 141ms (compile: 20ms, render: 121ms)
 GET /strategies 200 in 126ms (compile: 8ms, render: 118ms)
 GET /ramp 200 in 122ms (compile: 24ms, render: 98ms)
 GET / 200 in 107ms (compile: 5ms, render: 103ms)
 GET /strategies/2 200 in 127ms (compile: 20ms, render: 107ms)
 GET / 200 in 124ms (compile: 4ms, render: 119ms)
 GET / 200 in 159ms (compile: 4ms, render: 155ms)
 GET /strategies/2 200 in 178ms (compile: 4ms, render: 174ms)
 GET / 200 in 178ms (compile: 25ms, render: 154ms)
 GET /strategies 200 in 170ms (compile: 22ms, render: 148ms)
 GET /ramp 200 in 170ms (compile: 35ms, render: 134ms)
 GET /strategies 200 in 162ms (compile: 11ms, render: 151ms)
 GET /ramp 200 in 158ms (compile: 21ms, render: 137ms)
 GET /strategies/2 200 in 149ms (compile: 4ms, render: 145ms)
 GET /strategies 200 in 154ms (compile: 8ms, render: 146ms)
 GET /ramp 200 in 155ms (compile: 25ms, render: 130ms)
 GET / 200 in 180ms (compile: 4ms, render: 177ms)
 GET /strategies/2 200 in 192ms (compile: 3ms, render: 189ms)
 GET / 200 in 193ms (compile: 23ms, render: 170ms)
 GET /strategies 200 in 168ms (compile: 4ms, render: 165ms)
 GET /ramp 200 in 169ms (compile: 16ms, render: 152ms)
 GET / 200 in 169ms (compile: 30ms, render: 139ms)
 GET /strategies/2 200 in 126ms (compile: 10ms, render: 116ms)
 GET /strategies 200 in 126ms (compile: 24ms, render: 102ms)
 GET /ramp 200 in 125ms (compile: 34ms, render: 90ms)
 GET /strategies 200 in 80ms (compile: 3ms, render: 77ms)
 GET /ramp 200 in 80ms (compile: 16ms, render: 64ms)
 GET /strategies/2 200 in 84ms (compile: 5ms, render: 79ms)
 GET /strategies/2 200 in 79ms (compile: 5ms, render: 74ms)
 GET /ramp 200 in 75ms (compile: 17ms, render: 58ms)
 GET /strategies 200 in 76ms (compile: 4ms, render: 72ms)
 GET /strategies/2 200 in 44ms (compile: 7ms, render: 38ms)
 GET /strategies/2 200 in 35ms (compile: 3ms, render: 32ms)
 GET /strategies/2 200 in 93ms (compile: 3ms, render: 91ms)
 GET /strategies 200 in 145ms (compile: 3ms, render: 142ms)
 GET /ramp 200 in 148ms (compile: 22ms, render: 126ms)
 GET /strategies 200 in 113ms (compile: 3ms, render: 110ms)
 GET /strategies/2 200 in 114ms (compile: 17ms, render: 97ms)
 GET /strategies/2 200 in 93ms (compile: 5ms, render: 87ms)
 GET /strategies/2 200 in 34ms (compile: 3ms, render: 31ms)
 GET /strategies/2 200 in 37ms (compile: 3ms, render: 34ms)
 GET /strategies/2 200 in 44ms (compile: 3ms, render: 41ms)
 GET /strategies/2 200 in 25ms (compile: 9ms, render: 16ms)
 GET /strategies/2 200 in 18ms (compile: 3ms, render: 15ms)
 GET /strategies/2 200 in 44ms (compile: 3ms, render: 41ms)
 GET /strategies/2 200 in 44ms (compile: 8ms, render: 36ms)
 GET /strategies/2 200 in 44ms (compile: 5ms, render: 39ms)
 GET /strategies/2 200 in 48ms (compile: 4ms, render: 45ms)
 GET /strategies/2 200 in 44ms (compile: 9ms, render: 35ms)
 GET /strategies/2 200 in 47ms (compile: 4ms, render: 43ms)
 GET /strategies/2 200 in 50ms (compile: 4ms, render: 47ms)
 GET /strategies/2 200 in 37ms (compile: 4ms, render: 33ms)
 GET /strategies/2 200 in 16ms (compile: 3ms, render: 13ms)
 GET /strategies 200 in 61ms (compile: 19ms, render: 42ms)
 GET /ramp 200 in 33ms (compile: 14ms, render: 19ms)
 GET /ramp 200 in 22ms (compile: 7ms, render: 15ms)
 GET /strategies 200 in 20ms (compile: 7ms, render: 13ms)
 GET / 200 in 286ms (compile: 6ms, render: 280ms)
✓ Compiled in 344ms
 GET / 200 in 327ms (compile: 83ms, render: 244ms)
 GET /invest 200 in 399ms (compile: 366ms, render: 33ms)
 GET /dashboard 200 in 96ms (compile: 69ms, render: 27ms)
 GET /strategies 200 in 85ms (compile: 63ms, render: 22ms)
 GET /ramp 200 in 88ms (compile: 56ms, render: 31ms)
 GET /invest 200 in 20ms (compile: 8ms, render: 11ms)
 GET /dashboard 200 in 18ms (compile: 5ms, render: 12ms)
 GET / 200 in 23ms (compile: 7ms, render: 15ms)
 GET /strategies 200 in 21ms (compile: 5ms, render: 16ms)
 GET /dashboard 200 in 15ms (compile: 4ms, render: 12ms)
 GET /invest 200 in 23ms (compile: 4ms, render: 19ms)
 GET /ramp 200 in 22ms (compile: 10ms, render: 12ms)
 GET / 200 in 27ms (compile: 7ms, render: 20ms)
 GET /invest 200 in 17ms (compile: 6ms, render: 11ms)
 GET /dashboard 200 in 30ms (compile: 11ms, render: 18ms)
 GET /ramp 200 in 23ms (compile: 8ms, render: 15ms)
 GET /dashboard 200 in 28ms (compile: 4ms, render: 24ms)
 GET /invest 200 in 27ms (compile: 3ms, render: 24ms)
 GET /dashboard 200 in 17ms (compile: 5ms, render: 12ms)
 GET /ramp 200 in 20ms (compile: 7ms, render: 13ms)
 GET / 200 in 30ms (compile: 7ms, render: 22ms)
 GET /strategies 200 in 24ms (compile: 9ms, render: 15ms)
 GET /dashboard 200 in 17ms (compile: 5ms, render: 12ms)
 GET /ramp 200 in 18ms (compile: 6ms, render: 12ms)
 GET /invest 200 in 26ms (compile: 9ms, render: 17ms)
 GET /ramp 200 in 15ms (compile: 4ms, render: 11ms)
✓ Compiled in 616ms
✓ Compiled in 122ms
✓ Compiled in 618ms
